2025-05-27 20:09:00 | INFO | repo=arquillian-phantom-driver | action=commit
2025-02-28 16:58:00 | DEBUG | repo=arquillian-phantom-driver | action=commit
2025-08-21 20:58:00 | WARN | repo=arquillian-phantom-driver | action=commit
2025-12-01 10:18:00 | INFO | repo=arquillian-phantom-driver | action=commit
2025-07-19 21:02:00 | INFO | repo=arquillian-phantom-driver | action=commit
2025-10-14 07:14:00 | INFO | repo=arquillian-phantom-driver | action=edit | files=3
2025-11-04 18:40:00 | WARN | repo=arquillian-phantom-driver | action=commit
2025-02-22 21:39:00 | WARN | repo=arquillian-phantom-driver | action=commit
2025-04-03 07:30:00 | INFO | repo=arquillian-phantom-driver | action=pull
2025-10-13 13:02:00 | INFO | repo=arquillian-phantom-driver | action=commit
2025-04-17 20:10:00 | DEBUG | repo=arquillian-phantom-driver | action=test | passed=true
2025-01-20 20:38:00 | INFO | repo=arquillian-phantom-driver | action=commit
2025-09-03 17:13:00 | WARN | repo=arquillian-phantom-driver | action=edit | files=1
2025-03-13 08:56:00 | WARN | repo=arquillian-phantom-driver | action=commit
2025-06-22 07:43:00 | INFO | repo=arquillian-phantom-driver | action=commit
2025-02-04 15:15:00 | WARN | repo=arquillian-phantom-driver | action=commit
2025-02-13 21:52:00 | WARN | repo=arquillian-phantom-driver | action=commit
2025-09-07 08:42:00 | WARN | repo=arquillian-phantom-driver | action=pull
2025-03-22 20:14:00 | INFO | repo=arquillian-phantom-driver | action=commit
2025-01-21 17:10:00 | DEBUG | repo=arquillian-phantom-driver | action=commit
2025-02-08 07:15:00 | INFO | repo=arquillian-phantom-driver | action=test | passed=true
2025-02-21 12:39:00 | DEBUG | repo=arquillian-phantom-driver | action=commit
2025-11-07 18:35:00 | WARN | repo=arquillian-phantom-driver | action=commit
2025-01-18 09:05:00 | DEBUG | repo=arquillian-phantom-driver | action=commit
2025-03-14 08:21:00 | WARN | repo=arquillian-phantom-driver | action=commit
2025-01-03 08:51:00 | WARN | repo=arquillian-phantom-driver | action=commit
2025-11-19 08:47:00 | DEBUG | repo=arquillian-phantom-driver | action=edit | files=4
2025-03-18 18:32:00 | WARN | repo=arquillian-phantom-driver | action=pull
2025-09-17 19:45:00 | INFO | repo=arquillian-phantom-driver | action=commit
2025-06-14 08:41:00 | DEBUG | repo=arquillian-phantom-driver | action=commit
2025-07-24 07:20:00 | WARN | repo=arquillian-phantom-driver | action=commit
2025-08-03 07:39:00 | WARN | repo=arquillian-phantom-driver | action=test | passed=true
2025-09-22 19:45:00 | DEBUG | repo=arquillian-phantom-driver | action=commit
2025-03-23 18:49:00 | WARN | repo=arquillian-phantom-driver | action=commit
2025-08-25 09:21:00 | INFO | repo=arquillian-phantom-driver | action=commit
2025-03-19 18:59:00 | WARN | repo=arquillian-phantom-driver | action=commit
2025-02-10 14:08:00 | DEBUG | repo=arquillian-phantom-driver | action=commit
2025-07-04 07:16:00 | WARN | repo=arquillian-phantom-driver | action=edit | files=2
2025-10-26 13:30:00 | DEBUG | repo=arquillian-phantom-driver | action=commit
2025-11-05 16:19:00 | WARN | repo=arquillian-phantom-driver | action=test | passed=true
2025-02-09 07:07:00 | INFO | repo=arquillian-phantom-driver | action=commit
2025-01-12 18:10:00 | DEBUG | repo=arquillian-phantom-driver | action=commit
2025-04-08 07:53:00 | INFO | repo=arquillian-phantom-driver | action=commit
2025-12-08 09:01:00 | INFO | repo=arquillian-phantom-driver | action=pull
2025-02-13 12:50:00 | INFO | repo=arquillian-phantom-driver | action=commit
2025-12-05 20:36:00 | DEBUG | repo=arquillian-phantom-driver | action=test | passed=true
2025-07-10 08:13:00 | WARN | repo=arquillian-phantom-driver | action=commit
2025-05-01 13:40:00 | INFO | repo=arquillian-phantom-driver | action=commit
2025-06-18 17:01:00 | DEBUG | repo=arquillian-phantom-driver | action=commit
2025-03-03 20:48:00 | DEBUG | repo=arquillian-phantom-driver | action=commit
2025-04-05 14:12:00 | INFO | repo=arquillian-phantom-driver | action=commit
2025-09-17 09:32:00 | WARN | repo=arquillian-phantom-driver | action=commit
2025-09-22 20:49:00 | DEBUG | repo=arquillian-phantom-driver | action=commit
2025-11-24 20:07:00 | INFO | repo=arquillian-phantom-driver | action=edit | files=1
2025-07-22 17:14:00 | INFO | repo=arquillian-phantom-driver | action=commit
2025-06-04 08:26:00 | INFO | repo=arquillian-phantom-driver | action=commit
2025-07-19 20:24:00 | DEBUG | repo=arquillian-phantom-driver | action=commit
2025-10-11 19:54:00 | DEBUG | repo=arquillian-phantom-driver | action=commit
2025-02-26 14:59:00 | INFO | repo=arquillian-phantom-driver | action=commit
2025-10-03 16:00:00 | WARN | repo=arquillian-phantom-driver | action=commit
2025-05-05 20:14:00 | DEBUG | repo=arquillian-phantom-driver | action=commit
2025-06-02 21:33:00 | DEBUG | repo=arquillian-phantom-driver | action=pull
2025-09-24 18:17:00 | INFO | repo=arquillian-phantom-driver | action=commit
2025-07-01 21:43:00 | DEBUG | repo=arquillian-phantom-driver | action=commit
2025-08-10 17:57:00 | DEBUG | repo=arquillian-phantom-driver | action=commit
2025-10-15 17:09:00 | INFO | repo=arquillian-phantom-driver | action=commit
2025-12-02 18:43:00 | INFO | repo=arquillian-phantom-driver | action=commit
2025-04-11 08:15:00 | INFO | repo=arquillian-phantom-driver | action=commit
2025-08-23 18:29:00 | DEBUG | repo=arquillian-phantom-driver | action=commit
2025-06-08 13:39:00 | INFO | repo=arquillian-phantom-driver | action=commit
2025-12-05 16:50:00 | INFO | repo=arquillian-phantom-driver | action=commit
2025-09-05 15:35:00 | DEBUG | repo=arquillian-phantom-driver | action=edit | files=4
2025-03-23 07:25:00 | WARN | repo=arquillian-phantom-driver | action=commit
2025-04-28 19:55:00 | WARN | repo=arquillian-phantom-driver | action=commit
2025-02-07 19:04:00 | WARN | repo=arquillian-phantom-driver | action=test | passed=true
2025-02-27 18:38:00 | WARN | repo=arquillian-phantom-driver | action=commit
2025-07-24 13:16:00 | WARN | repo=arquillian-phantom-driver | action=pull
2025-10-07 19:29:00 | DEBUG | repo=arquillian-phantom-driver | action=commit
2025-10-14 12:17:00 | WARN | repo=arquillian-phantom-driver | action=pull
2025-02-18 11:50:00 | DEBUG | repo=arquillian-phantom-driver | action=commit
2025-07-06 20:10:00 | WARN | repo=arquillian-phantom-driver | action=edit | files=1
2025-07-25 10:30:00 | INFO | repo=arquillian-phantom-driver | action=test | passed=true
2025-03-13 15:45:00 | INFO | repo=arquillian-phantom-driver | action=commit
2025-03-20 08:56:00 | DEBUG | repo=arquillian-phantom-driver | action=commit
2025-09-02 08:58:00 | DEBUG | repo=arquillian-phantom-driver | action=commit
2025-02-16 10:43:00 | INFO | repo=arquillian-phantom-driver | action=commit
2025-10-16 08:51:00 | DEBUG | repo=arquillian-phantom-driver | action=commit
2025-12-08 07:16:00 | INFO | repo=arquillian-phantom-driver | action=commit
2025-11-02 11:40:00 | DEBUG | repo=arquillian-phantom-driver | action=commit
2025-10-05 07:24:00 | INFO | repo=arquillian-phantom-driver | action=edit | files=3
2025-03-06 21:33:00 | DEBUG | repo=arquillian-phantom-driver | action=commit
2025-03-15 15:49:00 | WARN | repo=arquillian-phantom-driver | action=test | passed=true
2025-10-03 19:02:00 | DEBUG | repo=arquillian-phantom-driver | action=commit
2025-06-06 14:55:00 | WARN | repo=arquillian-phantom-driver | action=commit
2025-10-11 09:56:00 | WARN | repo=arquillian-phantom-driver | action=pull
2025-05-19 17:43:00 | WARN | repo=arquillian-phantom-driver | action=edit | files=4
2025-04-19 17:37:00 | INFO | repo=arquillian-phantom-driver | action=commit
2025-12-26 07:27:00 | INFO | repo=arquillian-phantom-driver | action=commit
2025-06-13 18:36:00 | DEBUG | repo=arquillian-phantom-driver | action=edit | files=5
2025-07-01 15:38:00 | WARN | repo=arquillian-phantom-driver | action=commit
2025-11-14 18:53:00 | WARN | repo=arquillian-phantom-driver | action=commit
2025-06-15 11:33:00 | WARN | repo=arquillian-phantom-driver | action=commit
2025-05-08 08:06:00 | INFO | repo=arquillian-phantom-driver | action=commit
2025-12-12 21:44:00 | DEBUG | repo=arquillian-phantom-driver | action=commit
2025-10-19 17:22:00 | WARN | repo=arquillian-phantom-driver | action=commit
2025-08-26 08:25:00 | WARN | repo=arquillian-phantom-driver | action=test | passed=true
2025-05-25 09:12:00 | DEBUG | repo=arquillian-phantom-driver | action=commit
2025-03-02 09:27:00 | INFO | repo=arquillian-phantom-driver | action=commit
2025-05-11 13:29:00 | INFO | repo=arquillian-phantom-driver | action=commit
2025-09-24 08:43:00 | DEBUG | repo=arquillian-phantom-driver | action=commit
2025-07-02 19:38:00 | WARN | repo=arquillian-phantom-driver | action=commit
